{"C:\\CSE183\\Assignment 7\\Assignment7\\src\\app.js": {"path":"C:\\CSE183\\Assignment 7\\Assignment7\\src\\app.js","statementMap":{"0":{"start":{"line":1,"column":16},"end":{"line":1,"column":34}},"1":{"start":{"line":2,"column":13},"end":{"line":2,"column":31}},"2":{"start":{"line":3,"column":18},"end":{"line":3,"column":47}},"3":{"start":{"line":4,"column":11},"end":{"line":4,"column":24}},"4":{"start":{"line":5,"column":13},"end":{"line":5,"column":28}},"5":{"start":{"line":6,"column":25},"end":{"line":6,"column":61}},"6":{"start":{"line":8,"column":13},"end":{"line":8,"column":30}},"7":{"start":{"line":10,"column":12},"end":{"line":10,"column":21}},"8":{"start":{"line":11,"column":0},"end":{"line":11,"column":24}},"9":{"start":{"line":12,"column":0},"end":{"line":12,"column":47}},"10":{"start":{"line":14,"column":16},"end":{"line":14,"column":59}},"11":{"start":{"line":16,"column":15},"end":{"line":16,"column":62}},"12":{"start":{"line":17,"column":0},"end":{"line":17,"column":66}},"13":{"start":{"line":19,"column":0},"end":{"line":25,"column":2}},"14":{"start":{"line":28,"column":0},"end":{"line":28,"column":33}},"15":{"start":{"line":29,"column":0},"end":{"line":29,"column":38}},"16":{"start":{"line":30,"column":0},"end":{"line":30,"column":32}},"17":{"start":{"line":31,"column":0},"end":{"line":31,"column":34}},"18":{"start":{"line":33,"column":0},"end":{"line":39,"column":3}},"19":{"start":{"line":34,"column":2},"end":{"line":38,"column":5}},"20":{"start":{"line":41,"column":0},"end":{"line":41,"column":21}}},"fnMap":{"0":{"name":"(anonymous_0)","decl":{"start":{"line":33,"column":8},"end":{"line":33,"column":9}},"loc":{"start":{"line":33,"column":33},"end":{"line":39,"column":1}},"line":33}},"branchMap":{},"s":{"0":1,"1":1,"2":1,"3":1,"4":1,"5":1,"6":1,"7":1,"8":1,"9":1,"10":1,"11":1,"12":1,"13":1,"14":1,"15":1,"16":1,"17":1,"18":1,"19":2,"20":1},"f":{"0":2},"b":{},"_coverageSchema":"1a1c01bbd47fc00a2c39e90264f33305004495a9","hash":"6f5a34849932c99d3ecbb9722513c50f345f6ab4"}
,"C:\\CSE183\\Assignment 7\\Assignment7\\src\\mail.js": {"path":"C:\\CSE183\\Assignment 7\\Assignment7\\src\\mail.js","statementMap":{"0":{"start":{"line":1,"column":14},"end":{"line":1,"column":43}},"1":{"start":{"line":2,"column":13},"end":{"line":2,"column":41}},"2":{"start":{"line":3,"column":14},"end":{"line":3,"column":43}},"3":{"start":{"line":5,"column":19},"end":{"line":5,"column":28}},"4":{"start":{"line":6,"column":0},"end":{"line":6,"column":31}},"5":{"start":{"line":7,"column":0},"end":{"line":7,"column":29}},"6":{"start":{"line":8,"column":0},"end":{"line":8,"column":31}},"7":{"start":{"line":13,"column":18},"end":{"line":13,"column":94}},"8":{"start":{"line":16,"column":0},"end":{"line":44,"column":2}},"9":{"start":{"line":17,"column":20},"end":{"line":17,"column":53}},"10":{"start":{"line":18,"column":19},"end":{"line":18,"column":51}},"11":{"start":{"line":19,"column":20},"end":{"line":19,"column":53}},"12":{"start":{"line":22,"column":2},"end":{"line":24,"column":5}},"13":{"start":{"line":23,"column":4},"end":{"line":23,"column":28}},"14":{"start":{"line":25,"column":2},"end":{"line":27,"column":5}},"15":{"start":{"line":26,"column":4},"end":{"line":26,"column":28}},"16":{"start":{"line":28,"column":2},"end":{"line":30,"column":5}},"17":{"start":{"line":29,"column":4},"end":{"line":29,"column":28}},"18":{"start":{"line":32,"column":2},"end":{"line":43,"column":3}},"19":{"start":{"line":33,"column":4},"end":{"line":39,"column":5}},"20":{"start":{"line":34,"column":6},"end":{"line":34,"column":63}},"21":{"start":{"line":35,"column":11},"end":{"line":39,"column":5}},"22":{"start":{"line":36,"column":6},"end":{"line":36,"column":61}},"23":{"start":{"line":37,"column":11},"end":{"line":39,"column":5}},"24":{"start":{"line":38,"column":6},"end":{"line":38,"column":63}},"25":{"start":{"line":41,"column":4},"end":{"line":42,"column":73}},"26":{"start":{"line":47,"column":0},"end":{"line":65,"column":2}},"27":{"start":{"line":48,"column":2},"end":{"line":64,"column":3}},"28":{"start":{"line":49,"column":23},"end":{"line":50,"column":37}},"29":{"start":{"line":50,"column":6},"end":{"line":50,"column":36}},"30":{"start":{"line":51,"column":22},"end":{"line":52,"column":36}},"31":{"start":{"line":52,"column":6},"end":{"line":52,"column":35}},"32":{"start":{"line":53,"column":23},"end":{"line":54,"column":37}},"33":{"start":{"line":54,"column":6},"end":{"line":54,"column":36}},"34":{"start":{"line":55,"column":4},"end":{"line":63,"column":5}},"35":{"start":{"line":56,"column":6},"end":{"line":56,"column":39}},"36":{"start":{"line":57,"column":11},"end":{"line":63,"column":5}},"37":{"start":{"line":58,"column":6},"end":{"line":58,"column":38}},"38":{"start":{"line":59,"column":11},"end":{"line":63,"column":5}},"39":{"start":{"line":60,"column":6},"end":{"line":60,"column":39}},"40":{"start":{"line":62,"column":6},"end":{"line":62,"column":29}},"41":{"start":{"line":67,"column":0},"end":{"line":85,"column":2}},"42":{"start":{"line":68,"column":2},"end":{"line":68,"column":25}},"43":{"start":{"line":69,"column":2},"end":{"line":69,"column":43}},"44":{"start":{"line":70,"column":2},"end":{"line":70,"column":53}},"45":{"start":{"line":72,"column":19},"end":{"line":72,"column":29}},"46":{"start":{"line":75,"column":2},"end":{"line":75,"column":65}},"47":{"start":{"line":77,"column":2},"end":{"line":84,"column":3}},"48":{"start":{"line":78,"column":4},"end":{"line":81,"column":5}},"49":{"start":{"line":79,"column":6},"end":{"line":79,"column":26}},"50":{"start":{"line":80,"column":6},"end":{"line":80,"column":37}},"51":{"start":{"line":83,"column":4},"end":{"line":83,"column":27}},"52":{"start":{"line":87,"column":0},"end":{"line":143,"column":2}},"53":{"start":{"line":88,"column":14},"end":{"line":88,"column":18}},"54":{"start":{"line":89,"column":19},"end":{"line":89,"column":23}},"55":{"start":{"line":90,"column":2},"end":{"line":142,"column":3}},"56":{"start":{"line":91,"column":4},"end":{"line":141,"column":5}},"57":{"start":{"line":92,"column":21},"end":{"line":93,"column":35}},"58":{"start":{"line":93,"column":8},"end":{"line":93,"column":34}},"59":{"start":{"line":94,"column":21},"end":{"line":95,"column":35}},"60":{"start":{"line":95,"column":8},"end":{"line":95,"column":34}},"61":{"start":{"line":96,"column":21},"end":{"line":97,"column":35}},"62":{"start":{"line":97,"column":8},"end":{"line":97,"column":34}},"63":{"start":{"line":98,"column":6},"end":{"line":117,"column":7}},"64":{"start":{"line":99,"column":8},"end":{"line":99,"column":23}},"65":{"start":{"line":100,"column":8},"end":{"line":101,"column":38}},"66":{"start":{"line":101,"column":10},"end":{"line":101,"column":36}},"67":{"start":{"line":102,"column":8},"end":{"line":102,"column":32}},"68":{"start":{"line":103,"column":8},"end":{"line":103,"column":36}},"69":{"start":{"line":104,"column":13},"end":{"line":117,"column":7}},"70":{"start":{"line":105,"column":8},"end":{"line":105,"column":23}},"71":{"start":{"line":106,"column":8},"end":{"line":107,"column":38}},"72":{"start":{"line":107,"column":10},"end":{"line":107,"column":36}},"73":{"start":{"line":108,"column":8},"end":{"line":108,"column":35}},"74":{"start":{"line":109,"column":13},"end":{"line":117,"column":7}},"75":{"start":{"line":110,"column":8},"end":{"line":110,"column":23}},"76":{"start":{"line":111,"column":8},"end":{"line":112,"column":38}},"77":{"start":{"line":112,"column":10},"end":{"line":112,"column":36}},"78":{"start":{"line":113,"column":8},"end":{"line":113,"column":36}},"79":{"start":{"line":115,"column":8},"end":{"line":115,"column":31}},"80":{"start":{"line":116,"column":8},"end":{"line":116,"column":15}},"81":{"start":{"line":118,"column":6},"end":{"line":140,"column":7}},"82":{"start":{"line":120,"column":10},"end":{"line":120,"column":28}},"83":{"start":{"line":121,"column":10},"end":{"line":121,"column":33}},"84":{"start":{"line":122,"column":10},"end":{"line":122,"column":16}},"85":{"start":{"line":124,"column":28},"end":{"line":125,"column":39}},"86":{"start":{"line":125,"column":12},"end":{"line":125,"column":38}},"87":{"start":{"line":126,"column":10},"end":{"line":131,"column":11}},"88":{"start":{"line":127,"column":12},"end":{"line":127,"column":29}},"89":{"start":{"line":128,"column":12},"end":{"line":128,"column":35}},"90":{"start":{"line":130,"column":12},"end":{"line":130,"column":35}},"91":{"start":{"line":132,"column":10},"end":{"line":132,"column":16}},"92":{"start":{"line":134,"column":10},"end":{"line":134,"column":28}},"93":{"start":{"line":135,"column":10},"end":{"line":135,"column":33}},"94":{"start":{"line":136,"column":10},"end":{"line":136,"column":16}},"95":{"start":{"line":138,"column":10},"end":{"line":138,"column":54}},"96":{"start":{"line":139,"column":10},"end":{"line":139,"column":16}},"97":{"start":{"line":148,"column":2},"end":{"line":152,"column":5}},"98":{"start":{"line":149,"column":14},"end":{"line":149,"column":36}},"99":{"start":{"line":150,"column":14},"end":{"line":150,"column":44}},"100":{"start":{"line":151,"column":4},"end":{"line":151,"column":26}}},"fnMap":{"0":{"name":"(anonymous_0)","decl":{"start":{"line":16,"column":17},"end":{"line":16,"column":18}},"loc":{"start":{"line":16,"column":37},"end":{"line":44,"column":1}},"line":16},"1":{"name":"(anonymous_1)","decl":{"start":{"line":22,"column":20},"end":{"line":22,"column":21}},"loc":{"start":{"line":22,"column":36},"end":{"line":24,"column":3}},"line":22},"2":{"name":"(anonymous_2)","decl":{"start":{"line":25,"column":19},"end":{"line":25,"column":20}},"loc":{"start":{"line":25,"column":35},"end":{"line":27,"column":3}},"line":25},"3":{"name":"(anonymous_3)","decl":{"start":{"line":28,"column":20},"end":{"line":28,"column":21}},"loc":{"start":{"line":28,"column":36},"end":{"line":30,"column":3}},"line":28},"4":{"name":"(anonymous_4)","decl":{"start":{"line":47,"column":18},"end":{"line":47,"column":19}},"loc":{"start":{"line":47,"column":38},"end":{"line":65,"column":1}},"line":47},"5":{"name":"(anonymous_5)","decl":{"start":{"line":49,"column":34},"end":{"line":49,"column":35}},"loc":{"start":{"line":50,"column":6},"end":{"line":50,"column":36}},"line":50},"6":{"name":"(anonymous_6)","decl":{"start":{"line":51,"column":32},"end":{"line":51,"column":33}},"loc":{"start":{"line":52,"column":6},"end":{"line":52,"column":35}},"line":52},"7":{"name":"(anonymous_7)","decl":{"start":{"line":53,"column":34},"end":{"line":53,"column":35}},"loc":{"start":{"line":54,"column":6},"end":{"line":54,"column":36}},"line":54},"8":{"name":"(anonymous_8)","decl":{"start":{"line":67,"column":15},"end":{"line":67,"column":16}},"loc":{"start":{"line":67,"column":35},"end":{"line":85,"column":1}},"line":67},"9":{"name":"(anonymous_9)","decl":{"start":{"line":87,"column":14},"end":{"line":87,"column":15}},"loc":{"start":{"line":87,"column":34},"end":{"line":143,"column":1}},"line":87},"10":{"name":"(anonymous_10)","decl":{"start":{"line":92,"column":32},"end":{"line":92,"column":33}},"loc":{"start":{"line":93,"column":8},"end":{"line":93,"column":34}},"line":93},"11":{"name":"(anonymous_11)","decl":{"start":{"line":94,"column":31},"end":{"line":94,"column":32}},"loc":{"start":{"line":95,"column":8},"end":{"line":95,"column":34}},"line":95},"12":{"name":"(anonymous_12)","decl":{"start":{"line":96,"column":32},"end":{"line":96,"column":33}},"loc":{"start":{"line":97,"column":8},"end":{"line":97,"column":34}},"line":97},"13":{"name":"(anonymous_13)","decl":{"start":{"line":100,"column":37},"end":{"line":100,"column":38}},"loc":{"start":{"line":101,"column":10},"end":{"line":101,"column":36}},"line":101},"14":{"name":"(anonymous_14)","decl":{"start":{"line":106,"column":36},"end":{"line":106,"column":37}},"loc":{"start":{"line":107,"column":10},"end":{"line":107,"column":36}},"line":107},"15":{"name":"(anonymous_15)","decl":{"start":{"line":111,"column":37},"end":{"line":111,"column":38}},"loc":{"start":{"line":112,"column":10},"end":{"line":112,"column":36}},"line":112},"16":{"name":"(anonymous_16)","decl":{"start":{"line":124,"column":38},"end":{"line":124,"column":39}},"loc":{"start":{"line":125,"column":12},"end":{"line":125,"column":38}},"line":125},"17":{"name":"uuidv4","decl":{"start":{"line":147,"column":9},"end":{"line":147,"column":15}},"loc":{"start":{"line":147,"column":18},"end":{"line":153,"column":1}},"line":147},"18":{"name":"(anonymous_18)","decl":{"start":{"line":148,"column":65},"end":{"line":148,"column":66}},"loc":{"start":{"line":148,"column":77},"end":{"line":152,"column":3}},"line":148}},"branchMap":{"0":{"loc":{"start":{"line":32,"column":2},"end":{"line":43,"column":3}},"type":"if","locations":[{"start":{"line":32,"column":2},"end":{"line":43,"column":3}},{"start":{"line":32,"column":2},"end":{"line":43,"column":3}}],"line":32},"1":{"loc":{"start":{"line":33,"column":4},"end":{"line":39,"column":5}},"type":"if","locations":[{"start":{"line":33,"column":4},"end":{"line":39,"column":5}},{"start":{"line":33,"column":4},"end":{"line":39,"column":5}}],"line":33},"2":{"loc":{"start":{"line":35,"column":11},"end":{"line":39,"column":5}},"type":"if","locations":[{"start":{"line":35,"column":11},"end":{"line":39,"column":5}},{"start":{"line":35,"column":11},"end":{"line":39,"column":5}}],"line":35},"3":{"loc":{"start":{"line":37,"column":11},"end":{"line":39,"column":5}},"type":"if","locations":[{"start":{"line":37,"column":11},"end":{"line":39,"column":5}},{"start":{"line":37,"column":11},"end":{"line":39,"column":5}}],"line":37},"4":{"loc":{"start":{"line":48,"column":2},"end":{"line":64,"column":3}},"type":"if","locations":[{"start":{"line":48,"column":2},"end":{"line":64,"column":3}},{"start":{"line":48,"column":2},"end":{"line":64,"column":3}}],"line":48},"5":{"loc":{"start":{"line":55,"column":4},"end":{"line":63,"column":5}},"type":"if","locations":[{"start":{"line":55,"column":4},"end":{"line":63,"column":5}},{"start":{"line":55,"column":4},"end":{"line":63,"column":5}}],"line":55},"6":{"loc":{"start":{"line":57,"column":11},"end":{"line":63,"column":5}},"type":"if","locations":[{"start":{"line":57,"column":11},"end":{"line":63,"column":5}},{"start":{"line":57,"column":11},"end":{"line":63,"column":5}}],"line":57},"7":{"loc":{"start":{"line":59,"column":11},"end":{"line":63,"column":5}},"type":"if","locations":[{"start":{"line":59,"column":11},"end":{"line":63,"column":5}},{"start":{"line":59,"column":11},"end":{"line":63,"column":5}}],"line":59},"8":{"loc":{"start":{"line":77,"column":2},"end":{"line":84,"column":3}},"type":"if","locations":[{"start":{"line":77,"column":2},"end":{"line":84,"column":3}},{"start":{"line":77,"column":2},"end":{"line":84,"column":3}}],"line":77},"9":{"loc":{"start":{"line":78,"column":4},"end":{"line":81,"column":5}},"type":"if","locations":[{"start":{"line":78,"column":4},"end":{"line":81,"column":5}},{"start":{"line":78,"column":4},"end":{"line":81,"column":5}}],"line":78},"10":{"loc":{"start":{"line":90,"column":2},"end":{"line":142,"column":3}},"type":"if","locations":[{"start":{"line":90,"column":2},"end":{"line":142,"column":3}},{"start":{"line":90,"column":2},"end":{"line":142,"column":3}}],"line":90},"11":{"loc":{"start":{"line":91,"column":4},"end":{"line":141,"column":5}},"type":"if","locations":[{"start":{"line":91,"column":4},"end":{"line":141,"column":5}},{"start":{"line":91,"column":4},"end":{"line":141,"column":5}}],"line":91},"12":{"loc":{"start":{"line":98,"column":6},"end":{"line":117,"column":7}},"type":"if","locations":[{"start":{"line":98,"column":6},"end":{"line":117,"column":7}},{"start":{"line":98,"column":6},"end":{"line":117,"column":7}}],"line":98},"13":{"loc":{"start":{"line":104,"column":13},"end":{"line":117,"column":7}},"type":"if","locations":[{"start":{"line":104,"column":13},"end":{"line":117,"column":7}},{"start":{"line":104,"column":13},"end":{"line":117,"column":7}}],"line":104},"14":{"loc":{"start":{"line":109,"column":13},"end":{"line":117,"column":7}},"type":"if","locations":[{"start":{"line":109,"column":13},"end":{"line":117,"column":7}},{"start":{"line":109,"column":13},"end":{"line":117,"column":7}}],"line":109},"15":{"loc":{"start":{"line":118,"column":6},"end":{"line":140,"column":7}},"type":"switch","locations":[{"start":{"line":119,"column":8},"end":{"line":122,"column":16}},{"start":{"line":123,"column":8},"end":{"line":132,"column":16}},{"start":{"line":133,"column":8},"end":{"line":136,"column":16}},{"start":{"line":137,"column":8},"end":{"line":139,"column":16}}],"line":118},"16":{"loc":{"start":{"line":126,"column":10},"end":{"line":131,"column":11}},"type":"if","locations":[{"start":{"line":126,"column":10},"end":{"line":131,"column":11}},{"start":{"line":126,"column":10},"end":{"line":131,"column":11}}],"line":126},"17":{"loc":{"start":{"line":150,"column":14},"end":{"line":150,"column":44}},"type":"cond-expr","locations":[{"start":{"line":150,"column":25},"end":{"line":150,"column":26}},{"start":{"line":150,"column":30},"end":{"line":150,"column":43}}],"line":150}},"s":{"0":1,"1":1,"2":1,"3":1,"4":1,"5":1,"6":1,"7":1,"8":1,"9":1,"10":1,"11":1,"12":1,"13":100,"14":1,"15":100,"16":1,"17":100,"18":1,"19":0,"20":0,"21":0,"22":0,"23":0,"24":0,"25":1,"26":1,"27":2,"28":2,"29":112,"30":2,"31":200,"32":2,"33":200,"34":2,"35":1,"36":1,"37":0,"38":1,"39":0,"40":1,"41":1,"42":1,"43":1,"44":1,"45":1,"46":1,"47":1,"48":1,"49":1,"50":1,"51":0,"52":1,"53":0,"54":0,"55":0,"56":0,"57":0,"58":0,"59":0,"60":0,"61":0,"62":0,"63":0,"64":0,"65":0,"66":0,"67":0,"68":0,"69":0,"70":0,"71":0,"72":0,"73":0,"74":0,"75":0,"76":0,"77":0,"78":0,"79":0,"80":0,"81":0,"82":0,"83":0,"84":0,"85":0,"86":0,"87":0,"88":0,"89":0,"90":0,"91":0,"92":0,"93":0,"94":0,"95":0,"96":0,"97":1,"98":31,"99":31,"100":31},"f":{"0":1,"1":100,"2":100,"3":100,"4":2,"5":112,"6":200,"7":200,"8":1,"9":0,"10":0,"11":0,"12":0,"13":0,"14":0,"15":0,"16":0,"17":1,"18":31},"b":{"0":[0,1],"1":[0,0],"2":[0,0],"3":[0,0],"4":[2,0],"5":[1,1],"6":[0,1],"7":[0,1],"8":[1,0],"9":[1,0],"10":[0,0],"11":[0,0],"12":[0,0],"13":[0,0],"14":[0,0],"15":[0,0,0,0],"16":[0,0],"17":[30,1]},"_coverageSchema":"1a1c01bbd47fc00a2c39e90264f33305004495a9","hash":"dc85fb6f6e8f9ddb7ccea58da5482bf805947bfa"}
}
